<?xml version="1.0" encoding="UTF-8"?>
<coverage generated="1694830974786" clover="3.2.0">
  <project timestamp="1694830974786" name="All files">
    <metrics statements="3" coveredstatements="3" conditionals="0" coveredconditionals="0" methods="1" coveredmethods="1" elements="4" coveredelements="4" complexity="0" loc="3" ncloc="3" packages="1" files="1" classes="1"/>
    <file name="Logo.tsx" path="/Users/matheussantos/Documents/PONTUA/marvel-app/src/components/Logo/Logo.tsx">
      <metrics statements="3" coveredstatements="3" conditionals="0" coveredconditionals="0" methods="1" coveredmethods="1"/>
      <line num="6" count="1" type="stmt"/>
      <line num="7" count="1" type="stmt"/>
      <line num="27" count="1" type="stmt"/>
    </file>
  </project>
</coverage>
