{"/Users/matheussantos/Documents/PONTUA/marvel-app/src/components/Logo/Logo.tsx": {"path":"/Users/matheussantos/Documents/PONTUA/marvel-app/src/components/Logo/Logo.tsx","statementMap":{"0":{"start":{"line":6,"column":29},"end":{"line":28,"column":1}},"1":{"start":{"line":7,"column":20},"end":{"line":25,"column":1}},"2":{"start":{"line":27,"column":2},"end":{"line":27,"column":80}}},"fnMap":{"0":{"name":"(anonymous_0)","decl":{"start":{"line":6,"column":29},"end":{"line":6,"column":30}},"loc":{"start":{"line":6,"column":73},"end":{"line":28,"column":1}},"line":6}},"branchMap":{},"s":{"0":1,"1":1,"2":1},"f":{"0":1},"b":{},"_coverageSchema":"1a1c01bbd47fc00a2c39e90264f33305004495a9","hash":"ba554bb6d387b7aa343930a2cd509d0622d565d5"}
}
